\BOOKMARK [1][-]{section.1}{\376\377\000P\000a\000n\000o\000r\000a\000m\000i\000c\000a\000\040\000d\000e\000l\000l\000e\000\040\000f\000o\000n\000t\000i\000\040\000d\000e\000l\000\040\000d\000i\000r\000i\000t\000t\000o\000,\000\040\000d\000e\000f\000i\000n\000i\000z\000i\000o\000n\000e\000,\000\040\000p\000r\000o\000d\000u\000z\000i\000o\000n\000e\000\040\000e\000\040\000c\000o\000g\000n\000i\000z\000i\000o\000n\000e\000,\000\040\000g\000e\000r\000a\000r\000c\000h\000i\000a}{}% 1
\BOOKMARK [1][-]{section.2}{\376\377\000C\000o\000s\000a\000\040\000s\000u\000c\000c\000e\000d\000e\000\040\000i\000n\000\040\000c\000a\000s\000o\000\040\000d\000i\000\040\000c\000o\000n\000t\000r\000a\000s\000t\000i\000\040\000f\000r\000a\000\040\000d\000i\000v\000e\000r\000s\000e\000\040\000l\000e\000g\000g\000i}{}% 2
\BOOKMARK [1][-]{section.3}{\376\377\000L\000e\000\040\000l\000e\000g\000g\000i\000:\000\040\000c\000h\000i\000\040\000l\000e\000\040\000f\000a\000?}{}% 3
\BOOKMARK [1][-]{section.4}{\376\377\000C\000o\000m\000e\000\040\000s\000i\000\040\000i\000n\000t\000e\000r\000p\000r\000e\000t\000a\000n\000o\000\040\000l\000e\000\040\000l\000e\000g\000g\000i\000?\000\040\000E\000\040\000l\000e\000\040\000a\000n\000a\000l\000o\000g\000i\000e\000?}{}% 4
\BOOKMARK [1][-]{section.5}{\376\377\000S\000o\000g\000g\000e\000t\000t\000i\000\040\000d\000i\000\040\000d\000i\000r\000i\000t\000t\000o}{}% 5
\BOOKMARK [1][-]{section.6}{\376\377\000C\000a\000p\000a\000c\000i\000t\000\340}{}% 6
\BOOKMARK [1][-]{section.7}{\376\377\000D\000i\000r\000i\000t\000t\000o\000\040\000d\000e\000l\000l\000a\000\040\000p\000e\000r\000s\000o\000n\000a\000l\000i\000t\000\340}{}% 7
\BOOKMARK [1][-]{section.8}{\376\377\000L\000'\000a\000u\000t\000o\000n\000o\000m\000i\000a\000\040\000p\000a\000t\000r\000i\000m\000o\000n\000i\000a\000l\000e}{}% 8
\BOOKMARK [1][-]{section.9}{\376\377\000L\000e\000\040\000f\000o\000n\000t\000i\000\040\000e\000u\000r\000o\000p\000e\000e\000\040\000q\000u\000a\000l\000i\000\040\000s\000o\000n\000o\000?}{}% 9
\BOOKMARK [1][-]{section.10}{\376\377\000D\000i\000r\000i\000t\000t\000i\000\040\000d\000e\000i\000\040\000b\000e\000n\000i\000\040\000e\000\040\000d\000e\000l\000l\000'\000i\000n\000g\000e\000g\000n\000o}{}% 10
\BOOKMARK [1][-]{section.11}{\376\377\000G\000D\000P\000R\000\040\000e\000\040\000D\000i\000r\000i\000t\000t\000i\000\040\000d\000e\000l\000l\000'\000i\000n\000t\000e\000r\000e\000s\000s\000a\000t\000o\000\040\000\050\000C\000o\000s\000'\000\350\000\040\000a\000n\000c\000h\000e\000\040\000i\000l\000\040\000p\000r\000i\000n\000c\000i\000p\000i\000o\000\040\000d\000i\000\040\000m\000i\000n\000i\000m\000i\000z\000z\000a\000z\000i\000o\000n\000e\000\051}{}% 11
\BOOKMARK [1][-]{section.12}{\376\377\000D\000i\000r\000i\000t\000t\000o\000\040\000d\000i\000\040\000i\000n\000f\000o\000r\000m\000a\000z\000i\000o\000n\000e\000\040\000d\000e\000l\000\040\000G\000D\000P\000R}{}% 12
\BOOKMARK [1][-]{section.13}{\376\377\000S\000o\000f\000t\000w\000a\000r\000e\000\040\000e\000\040\000P\000r\000o\000t\000e\000z\000i\000o\000n\000e\000\040\000d\000e\000l\000\040\000S\000o\000f\000t\000w\000a\000r\000e}{}% 13
\BOOKMARK [1][-]{section.14}{\376\377\000O\000p\000e\000n\000\040\000S\000o\000f\000t\000w\000a\000r\000e}{}% 14
\BOOKMARK [1][-]{section.15}{\376\377\000P\000r\000i\000v\000a\000c\000y\000\040\000b\000y\000\040\000d\000e\000s\000i\000g\000n\000/\000b\000y\000\040\000d\000e\000f\000a\000u\000l\000t}{}% 15
\BOOKMARK [1][-]{section.16}{\376\377\000T\000i\000p\000i\000\040\000d\000i\000\040\000d\000a\000t\000o}{}% 16
\BOOKMARK [1][-]{section.17}{\376\377\000C\000o\000n\000t\000r\000a\000t\000t\000i\000\040\000d\000i\000g\000i\000t\000a\000l\000i}{}% 17
\BOOKMARK [1][-]{section.18}{\376\377\000C\000o\000n\000t\000r\000a\000t\000t\000i\000\040\000\050\000d\000e\000f\000i\000n\000i\000z\000i\000o\000n\000e\000\051\000\040\000e\000\040\000t\000i\000p\000i\000\040\000d\000i\000\040\000c\000o\000n\000t\000r\000a\000t\000t\000o}{}% 18
\BOOKMARK [1][-]{section.19}{\376\377\000D\000i\000f\000f\000e\000r\000e\000n\000z\000a\000\040\000t\000r\000a\000\040\000d\000i\000r\000i\000t\000t\000o\000\040\000d\000i\000\040\000p\000r\000o\000t\000e\000z\000i\000o\000n\000e\000\040\000a\000l\000l\000a\000\040\000p\000r\000i\000v\000a\000c\000y\000\040\000e\000\040\000d\000e\000l\000\040\000t\000r\000a\000t\000t\000a\000m\000e\000n\000t\000o\000\040\000d\000e\000l\000\040\000d\000a\000t\000o\000\040\000p\000e\000r\000s\000o\000n\000a\000l\000e}{}% 19
\BOOKMARK [1][-]{section.20}{\376\377\000C\000o\000n\000t\000r\000a\000t\000t\000i\000\040\000s\000t\000i\000p\000u\000l\000a\000t\000i\000\040\000d\000a\000i\000\040\000m\000i\000n\000o\000r\000e\000n\000n\000i}{}% 20
\BOOKMARK [1][-]{section.21}{\376\377\000G\000a\000m\000i\000f\000i\000c\000a\000t\000i\000o\000n}{}% 21
\BOOKMARK [1][-]{section.22}{\376\377\000G\000D\000P\000R\000\040\000e\000\040\000s\000o\000g\000g\000e\000t\000t\000i\000\040\000c\000o\000i\000n\000v\000o\000l\000t\000i}{}% 22
\BOOKMARK [1][-]{section.23}{\376\377\000V\000a\000r\000i\000\040\000t\000i\000p\000i\000\040\000d\000i\000\040\000c\000o\000n\000t\000r\000a\000t\000t\000i}{}% 23
\BOOKMARK [1][-]{section.24}{\376\377\000P\000o\000t\000e\000r\000i\000\040\000d\000i\000r\000e\000t\000t\000i\000v\000i\000\040\000e\000\040\000d\000i\000\040\000c\000o\000n\000t\000r\000o\000l\000l\000o}{}% 24
\BOOKMARK [1][-]{section.25}{\376\377\000C\000o\000p\000y\000r\000i\000g\000h\000t\000/\000B\000r\000e\000v\000e\000t\000t\000o\000/\000D\000i\000r\000i\000t\000t\000o\000\040\000d\000'\000a\000u\000t\000o\000r\000e}{}% 25
\BOOKMARK [1][-]{section.26}{\376\377\000S\000u\000c\000c\000e\000s\000s\000i\000o\000n\000e\000\040\000d\000e\000l\000\040\000p\000a\000t\000r\000i\000m\000o\000n\000i\000o\000\040\000d\000i\000g\000i\000t\000a\000l\000e\000\040\000e\000\040\000i\000l\000\040\000c\000o\000n\000s\000e\000n\000s\000o\000\040\000c\000o\000m\000e\000\040\000b\000a\000s\000e\000\040\000g\000i\000u\000r\000i\000d\000i\000c\000a\000\040\000\050\000g\000d\000p\000r\000\051}{}% 26
\BOOKMARK [1][-]{section.27}{\376\377\000Q\000u\000a\000l\000i\000\040\000s\000o\000n\000o\000\040\000i\000\040\000c\000o\000m\000p\000i\000t\000i\000\040\000d\000e\000l\000\040\000D\000P\000O\000\040\000e\000\040\000l\000a\000\040\000r\000e\000s\000p\000o\000n\000s\000a\000b\000i\000l\000i\000t\000\340\000\040\000c\000i\000v\000i\000l\000e\000\040\000i\000n\000\040\000g\000e\000n\000e\000r\000a\000l\000e\000\040\000e\000\040\000d\000e\000l\000\040\000s\000e\000r\000v\000i\000c\000e\000\040\000p\000r\000o\000v\000i\000d\000e\000r}{}% 27
\BOOKMARK [1][-]{section.28}{\376\377\000P\000r\000i\000v\000a\000c\000y\000\040\000s\000u\000l\000\040\000p\000o\000s\000t\000o\000\040\000d\000i\000\040\000l\000a\000v\000o\000r\000o}{}% 28
\BOOKMARK [1][-]{section.29}{\376\377\000P\000r\000o\000v\000i\000d\000e\000r}{}% 29
\BOOKMARK [1][-]{section.30}{\376\377\000D\000o\000m\000a\000n\000d\000e\000\040\000s\000u\000\040\000R\000R\000I\000\040\000\050\000c\000o\000n\000c\000e\000z\000i\000o\000n\000e\000\040\000p\000r\000o\000c\000e\000d\000u\000r\000a\000l\000e\000/\000n\000o\000r\000m\000a\000t\000i\000v\000a\000\051}{}% 30
\BOOKMARK [1][-]{section.31}{\376\377\000I\000l\000l\000e\000c\000i\000t\000o\000\040\000c\000i\000v\000i\000l\000e\000\040\000i\000n\000\040\000p\000a\000r\000t\000i\000c\000o\000l\000a\000r\000e\000\040\000i\000l\000l\000e\000c\000i\000t\000o\000\040\000e\000x\000t\000r\000a\000c\000o\000n\000t\000r\000a\000t\000t\000u\000a\000l\000e}{}% 31
\BOOKMARK [1][-]{section.32}{\376\377\000Q\000u\000a\000l\000i\000\040\000e\000l\000e\000m\000e\000n\000t\000i\000\040\000c\000i\000\040\000d\000e\000v\000o\000n\000o\000\040\000e\000s\000s\000e\000r\000e\000\040\000p\000e\000r\000\040\000p\000o\000t\000e\000r\000\040\000p\000a\000r\000l\000a\000r\000e\000\040\000d\000i\000\040\000u\000n\000\040\000i\000l\000l\000e\000c\000i\000t\000o\000\040\000e\000x\000t\000r\000a\000c\000o\000n\000t\000r\000a\000t\000t\000u\000a\000l\000e}{}% 32
\BOOKMARK [1][-]{section.33}{\376\377\000E\000s\000e\000m\000p\000i\000o\000\040\000d\000i\000\040\000c\000o\000n\000c\000o\000r\000r\000e\000n\000z\000a\000\040\000d\000i\000\040\000p\000a\000s\000t\000i\000c\000c\000e\000r\000i\000e}{}% 33
\BOOKMARK [1][-]{section.34}{\376\377\000C\000o\000n\000d\000i\000z\000i\000o\000n\000i\000\040\000g\000e\000n\000e\000r\000a\000l\000i\000\040\000d\000i\000\040\000c\000o\000n\000t\000r\000a\000t\000t\000o}{}% 34
\BOOKMARK [1][-]{section.35}{\376\377\000C\000o\000n\000t\000r\000a\000t\000t\000o\000\040\000c\000o\000l\000l\000e\000t\000t\000i\000v\000o}{}% 35
\BOOKMARK [1][-]{section.36}{\376\377\000L\000a\000\040\000d\000e\000f\000i\000n\000i\000z\000i\000o\000n\000e\000\040\000d\000e\000l\000\040\000t\000i\000t\000o\000l\000a\000r\000e\000\040\000\050\000d\000a\000t\000a\000\040\000c\000o\000n\000t\000r\000o\000l\000l\000e\000r\000\051}{}% 36
\BOOKMARK [1][-]{section.37}{\376\377\000E\000l\000e\000m\000e\000n\000t\000i\000\040\000d\000e\000l\000\040\000c\000o\000n\000t\000r\000a\000t\000t\000o}{}% 37
\BOOKMARK [1][-]{section.38}{\376\377\000Q\000u\000a\000n\000d\000o\000\040\000u\000n\000\040\000c\000o\000n\000t\000r\000a\000t\000t\000o\000\040\000\350\000\040\000i\000n\000v\000a\000l\000i\000d\000o\000\040\000e\000\040\000q\000u\000a\000n\000d\000o\000\040\000\350\000\040\000i\000n\000e\000f\000f\000i\000c\000a\000c\000e}{}% 38
\BOOKMARK [1][-]{section.39}{\376\377\000I\000l\000\040\000l\000a\000v\000o\000r\000o\000\040\000s\000u\000\040\000p\000i\000a\000t\000t\000a\000f\000o\000r\000m\000a\000\040\000\350\000\040\000r\000e\000g\000o\000l\000a\000t\000o\000\040\000d\000a\000l\000\040\000n\000o\000s\000t\000r\000o\000\040\000o\000r\000d\000i\000n\000a\000m\000e\000n\000t\000o\000.\000\040\000L\000a\000\040\000n\000o\000r\000m\000a\000t\000i\000v\000a\000\040\000l\000i\000\040\000c\000o\000n\000s\000i\000d\000e\000r\000a\000\040\000l\000a\000v\000o\000r\000i\000\040\000a\000u\000t\000o\000n\000o\000m\000i\000\040\000o\000\040\000s\000u\000b\000o\000r\000d\000i\000n\000a\000t\000i\000?}{}% 39
\BOOKMARK [1][-]{section.40}{\376\377\000D\000i\000r\000i\000t\000t\000o\000\040\000d\000i\000\040\000p\000r\000o\000p\000r\000i\000e\000t\000\340}{}% 40
\BOOKMARK [1][-]{section.41}{\376\377\000C\000o\000s\000a\000\040\000d\000i\000c\000e\000\040\000l\000a\000\040\000r\000e\000g\000o\000l\000a\000\040\000d\000e\000l\000\040\000p\000o\000s\000s\000e\000s\000s\000o\000\040\000v\000a\000l\000e\000\040\000t\000i\000t\000o\000l\000o\000?}{}% 41
\BOOKMARK [1][-]{section.42}{\376\377\000C\000o\000m\000e\000\040\000s\000i\000\040\000i\000n\000t\000e\000r\000p\000r\000e\000t\000a\000\040\000i\000l\000\040\000c\000o\000n\000t\000r\000a\000t\000t\000o\000?}{}% 42
\BOOKMARK [1][-]{section.43}{\376\377\000C\000o\000s\000'\000\350\000\040\000l\000a\000\040\000c\000a\000u\000s\000a\000?}{}% 43
\BOOKMARK [1][-]{section.44}{\376\377\000C\000o\000s\000a\000\040\000s\000o\000n\000o\000\040\000i\000\040\000s\000i\000s\000t\000e\000m\000i\000\040\000d\000e\000c\000i\000s\000i\000o\000n\000a\000l\000i\000\040\000d\000i\000\040\000m\000o\000n\000i\000t\000o\000r\000a\000g\000g\000i\000o\000\040\000a\000u\000t\000o\000m\000a\000t\000i\000z\000z\000a\000t\000i\000?}{}% 44
\BOOKMARK [1][-]{section.45}{\376\377\000P\000r\000i\000n\000c\000i\000p\000i\000o\000\040\000t\000r\000a\000s\000p\000a\000r\000e\000n\000z\000a\000\040\000G\000D\000P\000R}{}% 45
\BOOKMARK [1][-]{section.46}{\376\377\000C\000o\000s\000'\000\350\000\040\000l\000a\000\040\000s\000u\000b\000o\000r\000d\000i\000n\000a\000z\000i\000o\000n\000e\000?\000\040\000C\000o\000n\000t\000r\000a\000t\000t\000o\000\040\000d\000i\000\040\000l\000a\000v\000o\000r\000o\000\040\000s\000u\000b\000o\000r\000d\000i\000n\000a\000t\000o}{}% 46
\BOOKMARK [1][-]{section.47}{\376\377\000P\000o\000t\000e\000r\000e\000\040\000d\000i\000\040\000c\000o\000n\000t\000r\000o\000l\000l\000o}{}% 47
\BOOKMARK [1][-]{section.48}{\376\377\000C\000o\000s\000'\000\350\000\040\000u\000n\000a\000\040\000b\000a\000s\000e\000\040\000g\000i\000u\000r\000i\000d\000i\000a\000\040\000e\000\040\000q\000u\000a\000l\000i\000\040\000s\000o\000n\000o\000\040\000l\000e\000\040\000p\000o\000s\000s\000i\000b\000i\000l\000i\000\040\000b\000a\000s\000i\000\040\000g\000i\000u\000r\000i\000d\000i\000c\000h\000e\000\040\000p\000e\000r\000\040\000t\000r\000a\000t\000t\000a\000m\000e\000n\000t\000o\000\040\000d\000e\000i\000\040\000d\000a\000t\000i}{}% 48
\BOOKMARK [1][-]{section.49}{\376\377\000P\000r\000o\000p\000r\000i\000e\000t\000\340}{}% 49
\BOOKMARK [1][-]{section.50}{\376\377\000C\000o\000n\000t\000r\000o\000l\000l\000i\000\040\000o\000c\000c\000u\000l\000t\000i}{}% 50
\BOOKMARK [1][-]{section.51}{\376\377\000I\000l\000\040\000p\000o\000t\000e\000r\000e\000\040\000d\000i\000s\000c\000i\000p\000l\000i\000n\000a\000r\000e\000\040\000d\000e\000l\000\040\000d\000a\000t\000o\000r\000e}{}% 51
\BOOKMARK [1][-]{section.52}{\376\377\000C\000o\000n\000t\000r\000a\000t\000t\000o\000\040\000d\000'\000a\000p\000p\000a\000l\000t\000o\000\040\000e\000\040\000c\000o\000n\000t\000r\000a\000t\000t\000o\000\040\000d\000'\000o\000p\000e\000r\000a}{}% 52
