This is pdfTeX, Version 3.141592653-2.6-1.40.26 (TeX Live 2025/dev/Debian) (preloaded format=pdflatex 2025.2.19)  20 FEB 2025 11:22
entering extended mode
 restricted \write18 enabled.
 %&-line parsing enabled.
**Domande.tex
(./Domande.tex
LaTeX2e <2024-06-01> patch level 2
L3 programming layer <2024-05-27>
(/usr/share/texlive/texmf-dist/tex/latex/base/article.cls
Document Class: article 2024/02/08 v1.4n Standard LaTeX document class
(/usr/share/texlive/texmf-dist/tex/latex/base/size10.clo
File: size10.clo 2024/02/08 v1.4n Standard LaTeX file (size option)
)
\c@part=\count194
\c@section=\count195
\c@subsection=\count196
\c@subsubsection=\count197
\c@paragraph=\count198
\c@subparagraph=\count199
\c@figure=\count266
\c@table=\count267
\abovecaptionskip=\skip49
\belowcaptionskip=\skip50
\bibindent=\dimen141
)
(/usr/share/texlive/texmf-dist/tex/latex/ragged2e/ragged2e.sty
Package: ragged2e 2023/06/22 v3.6 ragged2e Package
\CenteringLeftskip=\skip51
\RaggedLeftLeftskip=\skip52
\RaggedRightLeftskip=\skip53
\CenteringRightskip=\skip54
\RaggedLeftRightskip=\skip55
\RaggedRightRightskip=\skip56
\CenteringParfillskip=\skip57
\RaggedLeftParfillskip=\skip58
\RaggedRightParfillskip=\skip59
\JustifyingParfillskip=\skip60
\CenteringParindent=\skip61
\RaggedLeftParindent=\skip62
\RaggedRightParindent=\skip63
\JustifyingParindent=\skip64
)
(/usr/share/texlive/texmf-dist/tex/latex/graphics/graphicx.sty
Package: graphicx 2021/09/16 v1.2d Enhanced LaTeX Graphics (DPC,SPQR)

(/usr/share/texlive/texmf-dist/tex/latex/graphics/keyval.sty
Package: keyval 2022/05/29 v1.15 key=value parser (DPC)
\KV@toks@=\toks17
)
(/usr/share/texlive/texmf-dist/tex/latex/graphics/graphics.sty
Package: graphics 2024/05/23 v1.4g Standard LaTeX Graphics (DPC,SPQR)

(/usr/share/texlive/texmf-dist/tex/latex/graphics/trig.sty
Package: trig 2023/12/02 v1.11 sin cos tan (DPC)
)
(/usr/share/texlive/texmf-dist/tex/latex/graphics-cfg/graphics.cfg
File: graphics.cfg 2016/06/04 v1.11 sample graphics configuration
)
Package graphics Info: Driver file: pdftex.def on input line 106.

(/usr/share/texlive/texmf-dist/tex/latex/graphics-def/pdftex.def
File: pdftex.def 2024/04/13 v1.2c Graphics/color driver for pdftex
))
\Gin@req@height=\dimen142
\Gin@req@width=\dimen143
)
(/usr/share/texlive/texmf-dist/tex/latex/tocloft/tocloft.sty
Package: tocloft 2017/08/31 v2.3i parameterised ToC, etc., typesetting
Package tocloft Info: The document has section divisions on input line 51.
\cftparskip=\skip65
\cftbeforetoctitleskip=\skip66
\cftaftertoctitleskip=\skip67
\cftbeforepartskip=\skip68
\cftpartnumwidth=\skip69
\cftpartindent=\skip70
\cftbeforesecskip=\skip71
\cftsecindent=\skip72
\cftsecnumwidth=\skip73
\cftbeforesubsecskip=\skip74
\cftsubsecindent=\skip75
\cftsubsecnumwidth=\skip76
\cftbeforesubsubsecskip=\skip77
\cftsubsubsecindent=\skip78
\cftsubsubsecnumwidth=\skip79
\cftbeforeparaskip=\skip80
\cftparaindent=\skip81
\cftparanumwidth=\skip82
\cftbeforesubparaskip=\skip83
\cftsubparaindent=\skip84
\cftsubparanumwidth=\skip85
\cftbeforeloftitleskip=\skip86
\cftafterloftitleskip=\skip87
\cftbeforefigskip=\skip88
\cftfigindent=\skip89
\cftfignumwidth=\skip90
\c@lofdepth=\count268
\c@lotdepth=\count269
\cftbeforelottitleskip=\skip91
\cftafterlottitleskip=\skip92
\cftbeforetabskip=\skip93
\cfttabindent=\skip94
\cfttabnumwidth=\skip95
)
(/usr/share/texlive/texmf-dist/tex/latex/hyperref/hyperref.sty
Package: hyperref 2024-05-23 v7.01i Hypertext links for LaTeX

(/usr/share/texlive/texmf-dist/tex/generic/iftex/iftex.sty
Package: iftex 2022/02/03 v1.0f TeX engine tests
)
(/usr/share/texlive/texmf-dist/tex/latex/kvsetkeys/kvsetkeys.sty
Package: kvsetkeys 2022-10-05 v1.19 Key value parser (HO)
)
(/usr/share/texlive/texmf-dist/tex/generic/kvdefinekeys/kvdefinekeys.sty
Package: kvdefinekeys 2019-12-19 v1.6 Define keys (HO)
)
(/usr/share/texlive/texmf-dist/tex/generic/pdfescape/pdfescape.sty
Package: pdfescape 2019/12/09 v1.15 Implements pdfTeX's escape features (HO)

(/usr/share/texlive/texmf-dist/tex/generic/ltxcmds/ltxcmds.sty
Package: ltxcmds 2023-12-04 v1.26 LaTeX kernel commands for general use (HO)
)
(/usr/share/texlive/texmf-dist/tex/generic/pdftexcmds/pdftexcmds.sty
Package: pdftexcmds 2020-06-27 v0.33 Utility functions of pdfTeX for LuaTeX (HO
)

(/usr/share/texlive/texmf-dist/tex/generic/infwarerr/infwarerr.sty
Package: infwarerr 2019/12/03 v1.5 Providing info/warning/error messages (HO)
)
Package pdftexcmds Info: \pdf@primitive is available.
Package pdftexcmds Info: \pdf@ifprimitive is available.
Package pdftexcmds Info: \pdfdraftmode found.
))
(/usr/share/texlive/texmf-dist/tex/latex/hycolor/hycolor.sty
Package: hycolor 2020-01-27 v1.10 Color options for hyperref/bookmark (HO)
)
(/usr/share/texlive/texmf-dist/tex/latex/hyperref/nameref.sty
Package: nameref 2023-11-26 v2.56 Cross-referencing by name of section

(/usr/share/texlive/texmf-dist/tex/latex/refcount/refcount.sty
Package: refcount 2019/12/15 v3.6 Data extraction from label references (HO)
)
(/usr/share/texlive/texmf-dist/tex/generic/gettitlestring/gettitlestring.sty
Package: gettitlestring 2019/12/15 v1.6 Cleanup title references (HO)

(/usr/share/texlive/texmf-dist/tex/latex/kvoptions/kvoptions.sty
Package: kvoptions 2022-06-15 v3.15 Key value format for package options (HO)
))
\c@section@level=\count270
)
(/usr/share/texlive/texmf-dist/tex/latex/etoolbox/etoolbox.sty
Package: etoolbox 2020/10/05 v2.5k e-TeX tools for LaTeX (JAW)
\etb@tempcnta=\count271
)
(/usr/share/texlive/texmf-dist/tex/generic/stringenc/stringenc.sty
Package: stringenc 2019/11/29 v1.12 Convert strings between diff. encodings (HO
)
)
\@linkdim=\dimen144
\Hy@linkcounter=\count272
\Hy@pagecounter=\count273

(/usr/share/texlive/texmf-dist/tex/latex/hyperref/pd1enc.def
File: pd1enc.def 2024-05-23 v7.01i Hyperref: PDFDocEncoding definition (HO)
Now handling font encoding PD1 ...
... no UTF-8 mapping file for font encoding PD1
)
(/usr/share/texlive/texmf-dist/tex/generic/intcalc/intcalc.sty
Package: intcalc 2019/12/15 v1.3 Expandable calculations with integers (HO)
)
\Hy@SavedSpaceFactor=\count274

(/usr/share/texlive/texmf-dist/tex/latex/hyperref/puenc.def
File: puenc.def 2024-05-23 v7.01i Hyperref: PDF Unicode definition (HO)
Now handling font encoding PU ...
... no UTF-8 mapping file for font encoding PU
)
Package hyperref Info: Hyper figures OFF on input line 4157.
Package hyperref Info: Link nesting OFF on input line 4162.
Package hyperref Info: Hyper index ON on input line 4165.
Package hyperref Info: Plain pages OFF on input line 4172.
Package hyperref Info: Backreferencing OFF on input line 4177.
Package hyperref Info: Implicit mode ON; LaTeX internals redefined.
Package hyperref Info: Bookmarks ON on input line 4424.
\c@Hy@tempcnt=\count275

(/usr/share/texlive/texmf-dist/tex/latex/url/url.sty
\Urlmuskip=\muskip17
Package: url 2013/09/16  ver 3.4  Verb mode for urls, etc.
)
LaTeX Info: Redefining \url on input line 4763.
\XeTeXLinkMargin=\dimen145

(/usr/share/texlive/texmf-dist/tex/generic/bitset/bitset.sty
Package: bitset 2019/12/09 v1.3 Handle bit-vector datatype (HO)

(/usr/share/texlive/texmf-dist/tex/generic/bigintcalc/bigintcalc.sty
Package: bigintcalc 2019/12/15 v1.5 Expandable calculations on big integers (HO
)
))
\Fld@menulength=\count276
\Field@Width=\dimen146
\Fld@charsize=\dimen147
Package hyperref Info: Hyper figures OFF on input line 6042.
Package hyperref Info: Link nesting OFF on input line 6047.
Package hyperref Info: Hyper index ON on input line 6050.
Package hyperref Info: backreferencing OFF on input line 6057.
Package hyperref Info: Link coloring OFF on input line 6062.
Package hyperref Info: Link coloring with OCG OFF on input line 6067.
Package hyperref Info: PDF/A mode OFF on input line 6072.

(/usr/share/texlive/texmf-dist/tex/latex/base/atbegshi-ltx.sty
Package: atbegshi-ltx 2021/01/10 v1.0c Emulation of the original atbegshi
package with kernel methods
)
\Hy@abspage=\count277
\c@Item=\count278
\c@Hfootnote=\count279
)
Package hyperref Info: Driver (autodetected): hpdftex.

(/usr/share/texlive/texmf-dist/tex/latex/hyperref/hpdftex.def
File: hpdftex.def 2024-05-23 v7.01i Hyperref driver for pdfTeX

(/usr/share/texlive/texmf-dist/tex/latex/base/atveryend-ltx.sty
Package: atveryend-ltx 2020/08/19 v1.0a Emulation of the original atveryend pac
kage
with kernel methods
)
\Fld@listcount=\count280
\c@bookmark@seq@number=\count281

(/usr/share/texlive/texmf-dist/tex/latex/rerunfilecheck/rerunfilecheck.sty
Package: rerunfilecheck 2022-07-10 v1.10 Rerun checks for auxiliary files (HO)

(/usr/share/texlive/texmf-dist/tex/generic/uniquecounter/uniquecounter.sty
Package: uniquecounter 2019/12/15 v1.4 Provide unlimited unique counter (HO)
)
Package uniquecounter Info: New unique counter `rerunfilecheck' on input line 2
85.
)
\Hy@SectionHShift=\skip96
)
Package hyperref Info: Option `colorlinks' set `true' on input line 13.

(/usr/share/texlive/texmf-dist/tex/latex/l3backend/l3backend-pdftex.def
File: l3backend-pdftex.def 2024-05-08 L3 backend support: PDF output (pdfTeX)
\l__color_backend_stack_int=\count282
\l__pdf_internal_box=\box52
)
(./Domande.aux)
\openout1 = `Domande.aux'.

LaTeX Font Info:    Checking defaults for OML/cmm/m/it on input line 14.
LaTeX Font Info:    ... okay on input line 14.
LaTeX Font Info:    Checking defaults for OMS/cmsy/m/n on input line 14.
LaTeX Font Info:    ... okay on input line 14.
LaTeX Font Info:    Checking defaults for OT1/cmr/m/n on input line 14.
LaTeX Font Info:    ... okay on input line 14.
LaTeX Font Info:    Checking defaults for T1/cmr/m/n on input line 14.
LaTeX Font Info:    ... okay on input line 14.
LaTeX Font Info:    Checking defaults for TS1/cmr/m/n on input line 14.
LaTeX Font Info:    ... okay on input line 14.
LaTeX Font Info:    Checking defaults for OMX/cmex/m/n on input line 14.
LaTeX Font Info:    ... okay on input line 14.
LaTeX Font Info:    Checking defaults for U/cmr/m/n on input line 14.
LaTeX Font Info:    ... okay on input line 14.
LaTeX Font Info:    Checking defaults for PD1/pdf/m/n on input line 14.
LaTeX Font Info:    ... okay on input line 14.
LaTeX Font Info:    Checking defaults for PU/pdf/m/n on input line 14.
LaTeX Font Info:    ... okay on input line 14.

(/usr/share/texlive/texmf-dist/tex/context/base/mkii/supp-pdf.mkii
[Loading MPS to PDF converter (version 2006.09.02).]
\scratchcounter=\count283
\scratchdimen=\dimen148
\scratchbox=\box53
\nofMPsegments=\count284
\nofMParguments=\count285
\everyMPshowfont=\toks18
\MPscratchCnt=\count286
\MPscratchDim=\dimen149
\MPnumerator=\count287
\makeMPintoPDFobject=\count288
\everyMPtoPDFconversion=\toks19
) (/usr/share/texlive/texmf-dist/tex/latex/epstopdf-pkg/epstopdf-base.sty
Package: epstopdf-base 2020-01-24 v2.11 Base part for package epstopdf
Package epstopdf-base Info: Redefining graphics rule for `.eps' on input line 4
85.

(/usr/share/texlive/texmf-dist/tex/latex/latexconfig/epstopdf-sys.cfg
File: epstopdf-sys.cfg 2010/07/13 v1.3 Configuration of (r)epstopdf for TeX Liv
e
))
(/usr/share/texlive/texmf-dist/tex/latex/graphics/color.sty
Package: color 2024/01/14 v1.3d Standard LaTeX Color (DPC)

(/usr/share/texlive/texmf-dist/tex/latex/graphics-cfg/color.cfg
File: color.cfg 2016/01/02 v1.6 sample color configuration
)
Package color Info: Driver file: pdftex.def on input line 149.

(/usr/share/texlive/texmf-dist/tex/latex/graphics/mathcolor.ltx))
Package hyperref Info: Link coloring ON on input line 14.

(./Domande.out) (./Domande.out)
\@outlinefile=\write3
\openout3 = `Domande.out'.

LaTeX Font Info:    External font `cmex10' loaded for size
(Font)              <12> on input line 18.
LaTeX Font Info:    External font `cmex10' loaded for size
(Font)              <8> on input line 18.
LaTeX Font Info:    External font `cmex10' loaded for size
(Font)              <6> on input line 18.
 (./Domande.toc
LaTeX Font Info:    External font `cmex10' loaded for size
(Font)              <7> on input line 1.
LaTeX Font Info:    External font `cmex10' loaded for size
(Font)              <5> on input line 1.


[1

{/var/lib/texmf/fonts/map/pdftex/updmap/pdftex.map}]


pdfTeX warning (ext4): destination with the same identifier (name{page.}) has b
een already used, duplicate ignored
<to be read again> 
                   \relax 
l.78 ...ne {14.1}Descrizione}{13}{subsection.14.1}
                                                  % [2]


pdfTeX warning (ext4): destination with the same identifier (name{page.}) has b
een already used, duplicate ignored
<to be read again> 
                   \relax 
l.121 ...rline {22.4}Difetti}{21}{subsection.22.4}
                                                  % [3]


pdfTeX warning (ext4): destination with the same identifier (name{page.}) has b
een already used, duplicate ignored
<to be read again> 
                   \relax 
l.162 ...e {31.1}Descrizione}{29}{subsection.31.1}
                                                  % [4]


pdfTeX warning (ext4): destination with the same identifier (name{page.}) has b
een already used, duplicate ignored
<to be read again> 
                   \relax 
l.204 ...berline {39.3}Pregi}{41}{subsection.39.3}
                                                  % [5]


pdfTeX warning (ext4): destination with the same identifier (name{page.}) has b
een already used, duplicate ignored
<to be read again> 
                   \relax 
l.247 ...e {48.1}Descrizione}{50}{subsection.48.1}
                                                  % [6]


pdfTeX warning (ext4): destination with the same identifier (name{page.}) has b
een already used, duplicate ignored
<to be read again> 
                   \relax 
l.290 ...rline {56.4}Difetti}{57}{subsection.56.4}
                                                  % [7])
\tf@toc=\write4
\openout4 = `Domande.toc'.




pdfTeX warning (ext4): destination with the same identifier (name{page.}) has b
een already used, duplicate ignored
<to be read again> 
                   \relax 
l.23 \newpage
              [8]
Underfull \hbox (badness 10000) in paragraph at lines 28--29

 []



[1]
Overfull \hbox (2.33394pt too wide) in paragraph at lines 70--72
\OT1/cmr/m/n/10 Sono satel-liti fermi nella nos-tra testa che stanno nell'orbit
a cir-co-lare dell'equatore
 []



[2]

[3]
Underfull \hbox (badness 10000) in paragraph at lines 122--128

 []



[4]

[5{/usr/share/texmf/fonts/enc/dvips/cm-super/cm-super-ts1.enc}]
Underfull \hbox (badness 10000) in paragraph at lines 153--156

 []


Overfull \hbox (20.62456pt too wide) in paragraph at lines 160--160
[]\OT1/cmr/bx/n/14.4 QAM, Quadra-ture Am-pli-tude Mod-u-la-tion (2019,
 []



[6]

[7]
Overfull \hbox (1.83401pt too wide) in paragraph at lines 216--219
\OT1/cmr/m/n/10 Sensibilit^^Ra al ri-tardo, il quale se ac-cu-mu-lato in-fluenz
a neg-a-ti-va-mente sulla qualit^^Ra
 []



[8]
Underfull \hbox (badness 10000) in paragraph at lines 230--233

 []



[9]
Overfull \hbox (14.87625pt too wide) in paragraph at lines 246--246
[]\OT1/cmr/bx/n/14.4 CDMA (Code Di-vi-sion Mul-ti-ple Ac-cess) (2016,
 []



[10]
Overfull \hbox (0.61156pt too wide) in paragraph at lines 274--276
\OT1/cmr/m/n/10 Oltretutto usa grandezze fisse il che lo rende in-ef-fi-ciente 
in con-testi che richiedono
 []



[11]

[12]

[13]
Overfull \hbox (7.41739pt too wide) in paragraph at lines 327--332
\OT1/cmr/m/n/10 Questo pro-to-collo ^^Re par-ti-co-lar-mente ef-fi-cace quando 
il prodotto bandwidth*round-
 []



[14]

[15]

[16]

[17]

[18]
Overfull \hbox (17.00064pt too wide) in paragraph at lines 456--464
\OT1/cmr/m/n/10 reti Eth-er-net ca-b-late delle prime gen-er-azioni (ad es-em-p
io reti 10BASE5 e 10BASE2),
 []



[19]

[20]
Overfull \hbox (1.58395pt too wide) in paragraph at lines 489--499
\OT1/cmr/m/n/10 sistemi con dis-pos-i-tivi che trasmet-tono dati spo-radica-men
te, dove si vuole ridurre
 []



[21]

[22]
Underfull \hbox (badness 10000) in paragraph at lines 549--551

 []


Overfull \hbox (7.33281pt too wide) in paragraph at lines 552--558
\OT1/cmr/m/n/10 Avviene tramite due co-mandi: RTS (Re-quest To Send) che con-ti
ene l'informazione
 []



[23]

[24]

[25]

[26]

[27]
Overfull \hbox (5.30621pt too wide) in paragraph at lines 652--653
[]\OT1/cmr/m/n/10 Maggiore com-p-lessit^^Ra com-putazionale: il cal-colo dei pe
r-corsi ot-ti-mali basato
 []



[28]

[29]

[30]
Overfull \hbox (2.33388pt too wide) in paragraph at lines 723--724
[]\OT1/cmr/m/n/10 Reti di tele-co-mu-ni-cazione, per con-trol-lare il traf-fico
 e garan-tire una trasmis-
 []



[31]

[32]

[33]
Overfull \hbox (16.63948pt too wide) in paragraph at lines 796--798
\OT1/cmr/m/n/10 i router pi^^Ru vec-chi potreb-bero non sup-port-are pien-ament
e il CIDR, richiedendo
 []



[34]
Overfull \hbox (1.72281pt too wide) in paragraph at lines 828--830
\OT1/cmr/m/n/10 gli in-d-i-rizzi IPv4 ven-gono as-seg-nati at-traverso un sis-t
ema ger-ar-chico gestito
 []


Overfull \hbox (9.66728pt too wide) in paragraph at lines 845--847
\OT1/cmr/m/n/10 IPv4 non in-clude na-ti-va-mente mec-ca-n-ismi di si-curezza, c
ome l'autenticazione
 []


Underfull \hbox (badness 10000) in paragraph at lines 853--860

 []



[35]

[36]

[37]

[38]

[39]
Overfull \hbox (17.25063pt too wide) in paragraph at lines 989--991
\OT1/cmr/m/n/10 IPv6 non in-clude un campo check-sum nell'header per ve-lo-ciz-
zare l'elaborazione
 []



[40]

[41]
Overfull \hbox (15.72174pt too wide) in paragraph at lines 1039--1040
\OT1/cmr/m/n/10 UDP viene uti-liz-zato in di-versi sce-nari, prin-ci-pal-mente 
in ap-pli-cazioni che richiedono
 []



[42]

[43]
Overfull \hbox (0.6117pt too wide) in paragraph at lines 1097--1098
\OT1/cmr/m/n/10 se-quenze, ri-trasmis-sioni e con-trollo della con-ges-tione au
-men-tano l'overhead 
 []



[44]
Overfull \hbox (6.59787pt too wide) in paragraph at lines 1122--1124
\OT1/cmr/m/n/10 Gli at-tac-chi ciphertext-only sono un tipo di at-tacco crit-to
grafico in cui l'attaccante
 []



[45]
Overfull \hbox (9.58395pt too wide) in paragraph at lines 1150--1153
\OT1/cmr/m/n/10 DES, ^^Re de-cifra-bile da qualunque at-tac-cante che ab-bia un
a quasi min-ima conoscenza
 []



[46]

[47]

[48]

[49]
Overfull \hbox (2.1395pt too wide) in paragraph at lines 1239--1240
[]\OT1/cmr/m/n/10 Comunicazioni si-cure: imp-ie-gato nei pro-to-colli di si-cur
ezza come SSL/TLS,
 []



[50]

[51]

[52]

[53]
Overfull \hbox (10.01344pt too wide) in paragraph at lines 1362--1365
\OT1/cmr/m/n/10 Gli at-tac-chi al Do-main Name Sys-tem (DNS) mi-rano a com-pro-
met-tere la risoluzione
 []



[54]

[55]
Overfull \hbox (17.1662pt too wide) in paragraph at lines 1396--1397
[]\OT1/cmr/m/n/10 Efficienza: HMAC ^^Re rel-a-ti-va-mente ef-fi-ciente dal punt
o di vista com-putazionale,
 []



[56]

[57] (./Domande.aux)
 ***********
LaTeX2e <2024-06-01> patch level 2
L3 programming layer <2024-05-27>
 ***********
Package rerunfilecheck Info: File `Domande.out' has not changed.
(rerunfilecheck)             Checksum: EFD390CFCC498F0BA049D861F193361C;36543.
 ) 
Here is how much of TeX's memory you used:
 9772 strings out of 475442
 149841 string characters out of 5774890
 1944905 words of memory out of 5000000
 31753 multiletter control sequences out of 15000+600000
 562659 words of font info for 51 fonts, out of 8000000 for 9000
 59 hyphenation exceptions out of 8191
 75i,6n,79p,571b,546s stack positions out of 10000i,1000n,20000p,200000b,200000s
</usr/share/texlive/texmf-dist/fonts/type1/public/amsfonts/cm/cmbx10.pfb></us
r/share/texlive/texmf-dist/fonts/type1/public/amsfonts/cm/cmbx12.pfb></usr/shar
e/texlive/texmf-dist/fonts/type1/public/amsfonts/cm/cmmi10.pfb></usr/share/texl
ive/texmf-dist/fonts/type1/public/amsfonts/cm/cmr10.pfb></usr/share/texlive/tex
mf-dist/fonts/type1/public/amsfonts/cm/cmr12.pfb></usr/share/texlive/texmf-dist
/fonts/type1/public/amsfonts/cm/cmr17.pfb></usr/share/texlive/texmf-dist/fonts/
type1/public/amsfonts/cm/cmr7.pfb></usr/share/texlive/texmf-dist/fonts/type1/pu
blic/amsfonts/cm/cmsy10.pfb></usr/share/texmf/fonts/type1/public/cm-super/sfrm1
000.pfb>
Output written on Domande.pdf (65 pages, 276632 bytes).
PDF statistics:
 2151 PDF objects out of 2487 (max. 8388607)
 2045 compressed objects within 21 object streams
 588 named destinations out of 1000 (max. 500000)
 2321 words of extra memory for PDF output out of 10000 (max. 10000000)

