\BOOKMARK [1][-]{section.1}{\376\377\000T\000i\000p\000i\000\040\000d\000i\000\040\000c\000a\000v\000o\000\040\000\050\0002\0000\0001\0004\000\051}{}% 1
\BOOKMARK [1][-]{section.2}{\376\377\000S\000a\000t\000e\000l\000l\000i\000t\000i\000\040\000\050\0002\0000\0001\0005\000,\000\040\0001\0006\000,\000\040\0001\0008\000,\000\040\0001\0009\000,\000\040\0002\0000\000\040\0002\0001\000,\000\040\0002\0003\000,\000\040\0002\0004\000,\000\040\0002\0005\000\051}{}% 2
\BOOKMARK [2][-]{subsection.2.1}{\376\377\000S\000a\000t\000e\000l\000l\000i\000t\000i\000\040\000G\000E\000O}{section.2}% 3
\BOOKMARK [3][-]{subsubsection.2.1.1}{\376\377\000D\000e\000s\000c\000r\000i\000z\000i\000o\000n\000e}{subsection.2.1}% 4
\BOOKMARK [3][-]{subsubsection.2.1.2}{\376\377\000A\000m\000b\000i\000t\000i\000\040\000d\000'\000u\000s\000o}{subsection.2.1}% 5
\BOOKMARK [3][-]{subsubsection.2.1.3}{\376\377\000P\000r\000e\000g\000i}{subsection.2.1}% 6
\BOOKMARK [3][-]{subsubsection.2.1.4}{\376\377\000D\000i\000f\000e\000t\000t\000i}{subsection.2.1}% 7
\BOOKMARK [2][-]{subsection.2.2}{\376\377\000S\000a\000t\000e\000l\000l\000i\000t\000i\000\040\000M\000E\000O}{section.2}% 8
\BOOKMARK [3][-]{subsubsection.2.2.1}{\376\377\000D\000e\000s\000c\000r\000i\000z\000i\000o\000n\000e}{subsection.2.2}% 9
\BOOKMARK [3][-]{subsubsection.2.2.2}{\376\377\000A\000m\000b\000i\000t\000i\000\040\000d\000'\000u\000s\000o}{subsection.2.2}% 10
\BOOKMARK [3][-]{subsubsection.2.2.3}{\376\377\000P\000r\000e\000g\000i}{subsection.2.2}% 11
\BOOKMARK [3][-]{subsubsection.2.2.4}{\376\377\000D\000i\000f\000e\000t\000t\000i}{subsection.2.2}% 12
\BOOKMARK [2][-]{subsection.2.3}{\376\377\000S\000a\000t\000e\000l\000l\000i\000t\000i\000\040\000L\000E\000O}{section.2}% 13
\BOOKMARK [3][-]{subsubsection.2.3.1}{\376\377\000D\000e\000s\000c\000r\000i\000z\000i\000o\000n\000e}{subsection.2.3}% 14
\BOOKMARK [3][-]{subsubsection.2.3.2}{\376\377\000A\000m\000b\000i\000t\000i\000\040\000d\000'\000u\000s\000o}{subsection.2.3}% 15
\BOOKMARK [3][-]{subsubsection.2.3.3}{\376\377\000P\000r\000e\000g\000i}{subsection.2.3}% 16
\BOOKMARK [3][-]{subsubsection.2.3.4}{\376\377\000D\000i\000f\000e\000t\000t\000i}{subsection.2.3}% 17
\BOOKMARK [1][-]{section.3}{\376\377\000B\000i\000t\000\040\000o\000\040\000b\000a\000u\000d\000\040\000r\000a\000t\000e}{}% 18
\BOOKMARK [2][-]{subsection.3.1}{\376\377\000D\000e\000s\000c\000r\000i\000z\000i\000o\000n\000e}{section.3}% 19
\BOOKMARK [2][-]{subsection.3.2}{\376\377\000A\000m\000b\000i\000t\000i\000\040\000d\000'\000u\000s\000o}{section.3}% 20
\BOOKMARK [2][-]{subsection.3.3}{\376\377\000P\000r\000e\000g\000i}{section.3}% 21
\BOOKMARK [3][-]{subsubsection.3.3.1}{\376\377\000B\000i\000t}{subsection.3.3}% 22
\BOOKMARK [3][-]{subsubsection.3.3.2}{\376\377\000B\000a\000u\000d}{subsection.3.3}% 23
\BOOKMARK [2][-]{subsection.3.4}{\376\377\000D\000i\000f\000e\000t\000t\000i}{section.3}% 24
\BOOKMARK [3][-]{subsubsection.3.4.1}{\376\377\000B\000i\000t}{subsection.3.4}% 25
\BOOKMARK [3][-]{subsubsection.3.4.2}{\376\377\000B\000a\000u\000d}{subsection.3.4}% 26
\BOOKMARK [1][-]{section.4}{\376\377\000S\000e\000r\000i\000e\000\040\000d\000i\000\040\000F\000o\000u\000r\000i\000e\000r}{}% 27
\BOOKMARK [1][-]{section.5}{\376\377\000Q\000P\000S\000K\000\040\000\050\0002\0000\0001\0005\000\051}{}% 28
\BOOKMARK [2][-]{subsection.5.1}{\376\377\000D\000e\000s\000c\000r\000i\000z\000i\000o\000n\000e}{section.5}% 29
\BOOKMARK [2][-]{subsection.5.2}{\376\377\000A\000m\000b\000i\000t\000i\000\040\000d\000'\000u\000s\000o}{section.5}% 30
\BOOKMARK [2][-]{subsection.5.3}{\376\377\000P\000r\000e\000g\000i}{section.5}% 31
\BOOKMARK [2][-]{subsection.5.4}{\376\377\000D\000i\000f\000e\000t\000t\000i}{section.5}% 32
\BOOKMARK [1][-]{section.6}{\376\377\000Q\000A\000M\000,\000\040\000Q\000u\000a\000d\000r\000a\000t\000u\000r\000e\000\040\000A\000m\000p\000l\000i\000t\000u\000d\000e\000\040\000M\000o\000d\000u\000l\000a\000t\000i\000o\000n\000\040\000\050\0002\0000\0001\0009\000,\000\040\0002\0000\000,\000\040\0002\0002\000,\000\040\0002\0003\000\051}{}% 33
\BOOKMARK [2][-]{subsection.6.1}{\376\377\000D\000e\000s\000c\000r\000i\000z\000i\000o\000n\000e}{section.6}% 34
\BOOKMARK [2][-]{subsection.6.2}{\376\377\000A\000m\000b\000i\000t\000i\000\040\000d\000'\000u\000s\000o}{section.6}% 35
\BOOKMARK [2][-]{subsection.6.3}{\376\377\000P\000r\000e\000g\000i}{section.6}% 36
\BOOKMARK [2][-]{subsection.6.4}{\376\377\000D\000i\000f\000e\000t\000t\000i}{section.6}% 37
\BOOKMARK [1][-]{section.7}{\376\377\000A\000D\000S\000L\000\040\000\050\0002\0000\0002\0004\000\051}{}% 38
\BOOKMARK [2][-]{subsection.7.1}{\376\377\000D\000e\000s\000c\000r\000i\000z\000i\000o\000n\000e}{section.7}% 39
\BOOKMARK [2][-]{subsection.7.2}{\376\377\000A\000m\000b\000i\000t\000i\000\040\000d\000'\000u\000s\000o}{section.7}% 40
\BOOKMARK [2][-]{subsection.7.3}{\376\377\000P\000r\000e\000g\000i}{section.7}% 41
\BOOKMARK [2][-]{subsection.7.4}{\376\377\000D\000i\000f\000e\000t\000t\000i}{section.7}% 42
\BOOKMARK [1][-]{section.8}{\376\377\000F\000D\000M\000\040\000M\000u\000l\000t\000i\000p\000l\000e\000x\000i\000n\000g}{}% 43
\BOOKMARK [2][-]{subsection.8.1}{\376\377\000D\000e\000s\000c\000r\000i\000z\000i\000o\000n\000e}{section.8}% 44
\BOOKMARK [2][-]{subsection.8.2}{\376\377\000A\000m\000b\000i\000t\000i\000\040\000d\000'\000u\000s\000o}{section.8}% 45
\BOOKMARK [2][-]{subsection.8.3}{\376\377\000P\000r\000e\000g\000i}{section.8}% 46
\BOOKMARK [2][-]{subsection.8.4}{\376\377\000D\000i\000f\000e\000t\000t\000i}{section.8}% 47
\BOOKMARK [1][-]{section.9}{\376\377\000T\000D\000M\000\040\000M\000u\000l\000t\000i\000p\000l\000e\000x\000i\000n\000g\000\040\000\050\0002\0000\0001\0006\000\051}{}% 48
\BOOKMARK [2][-]{subsection.9.1}{\376\377\000D\000e\000s\000c\000r\000i\000z\000i\000o\000n\000e}{section.9}% 49
\BOOKMARK [2][-]{subsection.9.2}{\376\377\000A\000m\000b\000i\000t\000i\000\040\000d\000'\000u\000s\000o}{section.9}% 50
\BOOKMARK [2][-]{subsection.9.3}{\376\377\000P\000r\000e\000g\000i}{section.9}% 51
\BOOKMARK [2][-]{subsection.9.4}{\376\377\000D\000i\000f\000e\000t\000t\000i}{section.9}% 52
\BOOKMARK [1][-]{section.10}{\376\377\000H\000a\000n\000d\000o\000f\000f\000\040\000\050\0002\0000\0002\0003\000\051}{}% 53
\BOOKMARK [2][-]{subsection.10.1}{\376\377\000H\000a\000n\000d\000o\000f\000f\000\040\0001\000G}{section.10}% 54
\BOOKMARK [2][-]{subsection.10.2}{\376\377\000H\000a\000n\000d\000o\000f\000f\000\040\0002\000G}{section.10}% 55
\BOOKMARK [1][-]{section.11}{\376\377\000M\000o\000d\000u\000l\000a\000z\000i\000o\000n\000e\000\040\000d\000e\000l\000t\000a\000\040\000\050\0002\0000\0001\0006\000,\000\040\0001\0007\000,\000\040\0001\0008\000,\000\040\0001\0009\000,\000\040\0002\0000\000,\000\040\0002\0002\000,\000\040\0002\0003\000\051}{}% 56
\BOOKMARK [2][-]{subsection.11.1}{\376\377\000D\000e\000s\000c\000r\000i\000z\000i\000o\000n\000e}{section.11}% 57
\BOOKMARK [2][-]{subsection.11.2}{\376\377\000A\000m\000b\000i\000t\000i\000\040\000d\000'\000u\000s\000o}{section.11}% 58
\BOOKMARK [2][-]{subsection.11.3}{\376\377\000P\000r\000e\000g\000i}{section.11}% 59
\BOOKMARK [2][-]{subsection.11.4}{\376\377\000D\000i\000f\000e\000t\000t\000i}{section.11}% 60
\BOOKMARK [1][-]{section.12}{\376\377\000C\000D\000M\000A\000\040\000\050\000C\000o\000d\000e\000\040\000D\000i\000v\000i\000s\000i\000o\000n\000\040\000M\000u\000l\000t\000i\000p\000l\000e\000\040\000A\000c\000c\000e\000s\000s\000\051\000\040\000\050\0002\0000\0001\0006\000,\000\040\0001\0008\000\051}{}% 61
\BOOKMARK [2][-]{subsection.12.1}{\376\377\000D\000e\000s\000c\000r\000i\000z\000i\000o\000n\000e}{section.12}% 62
\BOOKMARK [2][-]{subsection.12.2}{\376\377\000A\000m\000b\000i\000t\000i\000\040\000d\000'\000u\000s\000o}{section.12}% 63
\BOOKMARK [2][-]{subsection.12.3}{\376\377\000P\000r\000e\000g\000i}{section.12}% 64
\BOOKMARK [2][-]{subsection.12.4}{\376\377\000D\000i\000f\000e\000t\000t\000i}{section.12}% 65
\BOOKMARK [1][-]{section.13}{\376\377\000B\000i\000t\000\040\000o\000\040\000b\000y\000t\000e\000\040\000s\000t\000u\000f\000f\000i\000n\000g\000\040\000\050\0002\0000\0001\0007\000,\000\040\0001\0008\000,\000\040\0001\0009\000,\000\040\0002\0000\000,\000\040\0002\0002\000,\000\040\0002\0003\000,\000\040\0002\0004\000\051}{}% 66
\BOOKMARK [2][-]{subsection.13.1}{\376\377\000B\000y\000t\000e\000\040\000s\000t\000u\000f\000f\000i\000n\000g}{section.13}% 67
\BOOKMARK [3][-]{subsubsection.13.1.1}{\376\377\000D\000e\000s\000c\000r\000i\000z\000i\000o\000n\000e}{subsection.13.1}% 68
\BOOKMARK [3][-]{subsubsection.13.1.2}{\376\377\000A\000m\000b\000i\000t\000i\000\040\000d\000'\000u\000s\000o}{subsection.13.1}% 69
\BOOKMARK [3][-]{subsubsection.13.1.3}{\376\377\000P\000r\000e\000g\000i}{subsection.13.1}% 70
\BOOKMARK [3][-]{subsubsection.13.1.4}{\376\377\000D\000i\000f\000e\000t\000t\000i}{subsection.13.1}% 71
\BOOKMARK [2][-]{subsection.13.2}{\376\377\000B\000i\000t\000\040\000s\000t\000u\000f\000f\000i\000n\000g}{section.13}% 72
\BOOKMARK [3][-]{subsubsection.13.2.1}{\376\377\000D\000e\000s\000c\000r\000i\000z\000i\000o\000n\000e}{subsection.13.2}% 73
\BOOKMARK [3][-]{subsubsection.13.2.2}{\376\377\000A\000m\000b\000i\000t\000i\000\040\000d\000'\000u\000s\000o}{subsection.13.2}% 74
\BOOKMARK [3][-]{subsubsection.13.2.3}{\376\377\000P\000r\000e\000g\000i}{subsection.13.2}% 75
\BOOKMARK [3][-]{subsubsection.13.2.4}{\376\377\000D\000i\000f\000e\000t\000t\000i}{subsection.13.2}% 76
\BOOKMARK [1][-]{section.14}{\376\377\000E\000r\000r\000o\000r\000\040\000c\000o\000n\000t\000r\000o\000l}{}% 77
\BOOKMARK [2][-]{subsection.14.1}{\376\377\000D\000e\000s\000c\000r\000i\000z\000i\000o\000n\000e}{section.14}% 78
\BOOKMARK [2][-]{subsection.14.2}{\376\377\000A\000m\000b\000i\000t\000i\000\040\000d\000'\000u\000s\000o}{section.14}% 79
\BOOKMARK [2][-]{subsection.14.3}{\376\377\000P\000r\000e\000g\000i}{section.14}% 80
\BOOKMARK [2][-]{subsection.14.4}{\376\377\000D\000i\000f\000e\000t\000t\000i}{section.14}% 81
\BOOKMARK [1][-]{section.15}{\376\377\000S\000t\000o\000p\000\040\000a\000n\000d\000\040\000w\000a\000i\000t}{}% 82
\BOOKMARK [2][-]{subsection.15.1}{\376\377\000D\000e\000s\000c\000r\000i\000z\000i\000o\000n\000e}{section.15}% 83
\BOOKMARK [2][-]{subsection.15.2}{\376\377\000A\000m\000b\000i\000t\000i\000\040\000d\000'\000u\000s\000o}{section.15}% 84
\BOOKMARK [2][-]{subsection.15.3}{\376\377\000P\000r\000e\000g\000i}{section.15}% 85
\BOOKMARK [2][-]{subsection.15.4}{\376\377\000D\000i\000f\000e\000t\000t\000i}{section.15}% 86
\BOOKMARK [1][-]{section.16}{\376\377\000G\000o\000\040\000b\000a\000c\000k\000\040\000n\000\040\000\050\0002\0000\0001\0005\000,\000\040\0002\0000\000,\000\040\0002\0004\000\051}{}% 87
\BOOKMARK [2][-]{subsection.16.1}{\376\377\000D\000e\000s\000c\000r\000i\000z\000i\000o\000n\000e}{section.16}% 88
\BOOKMARK [2][-]{subsection.16.2}{\376\377\000A\000m\000b\000i\000t\000i\000\040\000d\000'\000u\000s\000o}{section.16}% 89
\BOOKMARK [2][-]{subsection.16.3}{\376\377\000P\000r\000e\000g\000i}{section.16}% 90
\BOOKMARK [2][-]{subsection.16.4}{\376\377\000D\000i\000f\000e\000t\000t\000i}{section.16}% 91
\BOOKMARK [1][-]{section.17}{\376\377\000S\000e\000l\000e\000c\000t\000i\000v\000e\000\040\000R\000e\000p\000e\000a\000t\000\040\000\050\0002\0000\0002\0002\000\051}{}% 92
\BOOKMARK [2][-]{subsection.17.1}{\376\377\000D\000e\000s\000c\000r\000i\000z\000i\000o\000n\000e}{section.17}% 93
\BOOKMARK [2][-]{subsection.17.2}{\376\377\000A\000m\000b\000i\000t\000i\000\040\000d\000'\000u\000s\000o}{section.17}% 94
\BOOKMARK [2][-]{subsection.17.3}{\376\377\000P\000r\000e\000g\000i}{section.17}% 95
\BOOKMARK [2][-]{subsection.17.4}{\376\377\000D\000i\000f\000e\000t\000t\000i}{section.17}% 96
\BOOKMARK [1][-]{section.18}{\376\377\000H\000D\000L\000C}{}% 97
\BOOKMARK [2][-]{subsection.18.1}{\376\377\000D\000e\000s\000c\000r\000i\000z\000i\000o\000n\000e}{section.18}% 98
\BOOKMARK [2][-]{subsection.18.2}{\376\377\000A\000m\000b\000i\000t\000i\000\040\000d\000'\000u\000s\000o}{section.18}% 99
\BOOKMARK [2][-]{subsection.18.3}{\376\377\000P\000r\000e\000g\000i}{section.18}% 100
\BOOKMARK [2][-]{subsection.18.4}{\376\377\000D\000i\000f\000e\000t\000t\000i}{section.18}% 101
\BOOKMARK [1][-]{section.19}{\376\377\000P\000P\000P}{}% 102
\BOOKMARK [2][-]{subsection.19.1}{\376\377\000D\000e\000s\000c\000r\000i\000z\000i\000o\000n\000e}{section.19}% 103
\BOOKMARK [2][-]{subsection.19.2}{\376\377\000A\000m\000b\000i\000t\000i\000\040\000d\000'\000u\000s\000o}{section.19}% 104
\BOOKMARK [2][-]{subsection.19.3}{\376\377\000P\000r\000e\000g\000i}{section.19}% 105
\BOOKMARK [2][-]{subsection.19.4}{\376\377\000D\000i\000f\000e\000t\000t\000i}{section.19}% 106
\BOOKMARK [1][-]{section.20}{\376\377\000A\000l\000o\000h\000a\000\040\000\050\0002\0000\0001\0004\000,\000\040\0001\0007\000,\000\040\0001\0008\000,\000\040\0001\0009\000,\000\040\0002\0001\000,\000\040\0002\0003\000\051}{}% 107
\BOOKMARK [2][-]{subsection.20.1}{\376\377\000D\000e\000s\000c\000r\000i\000z\000i\000o\000n\000e}{section.20}% 108
\BOOKMARK [2][-]{subsection.20.2}{\376\377\000A\000m\000b\000i\000t\000i\000\040\000d\000'\000u\000s\000o}{section.20}% 109
\BOOKMARK [2][-]{subsection.20.3}{\376\377\000P\000r\000e\000g\000i}{section.20}% 110
\BOOKMARK [2][-]{subsection.20.4}{\376\377\000D\000i\000f\000e\000t\000t\000i}{section.20}% 111
\BOOKMARK [1][-]{section.21}{\376\377\000C\000S\000M\000A\000\040\000\050\0002\0000\0001\0007\000,\000\040\0001\0008\000,\000\040\0002\0000\000\051}{}% 112
\BOOKMARK [2][-]{subsection.21.1}{\376\377\000D\000e\000s\000c\000r\000i\000z\000i\000o\000n\000e}{section.21}% 113
\BOOKMARK [2][-]{subsection.21.2}{\376\377\000A\000m\000b\000i\000t\000i\000\040\000d\000'\000u\000s\000o}{section.21}% 114
\BOOKMARK [2][-]{subsection.21.3}{\376\377\000P\000r\000e\000g\000i}{section.21}% 115
\BOOKMARK [2][-]{subsection.21.4}{\376\377\000D\000i\000f\000e\000t\000t\000i}{section.21}% 116
\BOOKMARK [1][-]{section.22}{\376\377\000C\000S\000M\000A\000\040\000n\000o\000n\000\040\000p\000e\000r\000s\000i\000s\000t\000e\000n\000t\000\040\000\050\0002\0000\0002\0002\000\051}{}% 117
\BOOKMARK [2][-]{subsection.22.1}{\376\377\000D\000e\000s\000c\000r\000i\000z\000i\000o\000n\000e}{section.22}% 118
\BOOKMARK [2][-]{subsection.22.2}{\376\377\000A\000m\000b\000i\000t\000i\000\040\000d\000'\000u\000s\000o}{section.22}% 119
\BOOKMARK [2][-]{subsection.22.3}{\376\377\000P\000r\000e\000g\000i}{section.22}% 120
\BOOKMARK [2][-]{subsection.22.4}{\376\377\000D\000i\000f\000e\000t\000t\000i}{section.22}% 121
\BOOKMARK [1][-]{section.23}{\376\377\000P\000r\000o\000t\000o\000c\000o\000l\000l\000i\000\040\000a\000\040\000c\000o\000n\000t\000e\000s\000a\000\040\000l\000i\000m\000i\000t\000a\000t\000a\000:\000\040\000a\000d\000a\000p\000t\000i\000v\000e\000\040\000t\000r\000e\000e\000\040\000w\000a\000l\000k\000\040\000p\000r\000o\000t\000o\000c\000o\000l\000\040\000\050\0002\0000\0001\0005\000,\000\040\0001\0008\000,\000\040\0002\0004\000\051}{}% 122
\BOOKMARK [2][-]{subsection.23.1}{\376\377\000D\000e\000s\000c\000r\000i\000z\000i\000o\000n\000e}{section.23}% 123
\BOOKMARK [2][-]{subsection.23.2}{\376\377\000A\000m\000b\000i\000t\000i\000\040\000d\000'\000u\000s\000o}{section.23}% 124
\BOOKMARK [2][-]{subsection.23.3}{\376\377\000P\000r\000e\000g\000i}{section.23}% 125
\BOOKMARK [2][-]{subsection.23.4}{\376\377\000D\000i\000f\000e\000t\000t\000i}{section.23}% 126
\BOOKMARK [1][-]{section.24}{\376\377\000S\000t\000a\000z\000i\000o\000n\000e\000\040\000n\000a\000s\000c\000o\000s\000t\000a\000\040\000\050\0002\0000\0001\0009\000,\000\040\0002\0000\000,\000\040\0002\0004\000\051}{}% 127
\BOOKMARK [2][-]{subsection.24.1}{\376\377\000D\000e\000s\000c\000r\000i\000z\000i\000o\000n\000e}{section.24}% 128
\BOOKMARK [2][-]{subsection.24.2}{\376\377\000Q\000u\000a\000n\000d\000o\000\040\000a\000v\000v\000i\000e\000n\000e}{section.24}% 129
\BOOKMARK [2][-]{subsection.24.3}{\376\377\000C\000o\000m\000e\000\040\000r\000i\000s\000o\000l\000v\000e\000r\000e}{section.24}% 130
\BOOKMARK [1][-]{section.25}{\376\377\0008\0000\0002\000.\0003}{}% 131
\BOOKMARK [2][-]{subsection.25.1}{\376\377\000D\000e\000s\000c\000r\000i\000z\000i\000o\000n\000e}{section.25}% 132
\BOOKMARK [2][-]{subsection.25.2}{\376\377\000A\000m\000b\000i\000t\000i\000\040\000d\000'\000u\000s\000o}{section.25}% 133
\BOOKMARK [2][-]{subsection.25.3}{\376\377\000P\000r\000e\000g\000i}{section.25}% 134
\BOOKMARK [2][-]{subsection.25.4}{\376\377\000D\000i\000f\000e\000t\000t\000i}{section.25}% 135
\BOOKMARK [1][-]{section.26}{\376\377\000C\000o\000d\000i\000f\000i\000c\000a\000\040\000M\000a\000n\000c\000h\000e\000s\000t\000e\000r\000\040\000\050\0002\0000\0001\0004\000,\000\040\0001\0008\000,\000\040\0001\0009\000,\000\040\0002\0000\000,\000\040\0002\0002\000,\000\040\0002\0004\000,\000\040\0002\0005\000\051}{}% 136
\BOOKMARK [2][-]{subsection.26.1}{\376\377\000D\000e\000s\000c\000r\000i\000z\000i\000o\000n\000e}{section.26}% 137
\BOOKMARK [2][-]{subsection.26.2}{\376\377\000A\000m\000b\000i\000t\000i\000\040\000d\000'\000u\000s\000o}{section.26}% 138
\BOOKMARK [2][-]{subsection.26.3}{\376\377\000P\000r\000e\000g\000i}{section.26}% 139
\BOOKMARK [2][-]{subsection.26.4}{\376\377\000D\000i\000f\000e\000t\000t\000i}{section.26}% 140
\BOOKMARK [1][-]{section.27}{\376\377\000F\000l\000o\000o\000d\000i\000n\000g\000\040\000\050\0002\0000\0001\0005\000,\000\040\0001\0006\000,\000\040\0001\0008\000,\000\040\0002\0000\000,\000\040\0002\0003\000,\000\040\0002\0005\000\051}{}% 141
\BOOKMARK [2][-]{subsection.27.1}{\376\377\000D\000e\000s\000c\000r\000i\000z\000i\000o\000n\000e}{section.27}% 142
\BOOKMARK [2][-]{subsection.27.2}{\376\377\000A\000m\000b\000i\000t\000i\000\040\000d\000'\000u\000s\000o}{section.27}% 143
\BOOKMARK [2][-]{subsection.27.3}{\376\377\000P\000r\000e\000g\000i}{section.27}% 144
\BOOKMARK [2][-]{subsection.27.4}{\376\377\000D\000i\000f\000e\000t\000t\000i}{section.27}% 145
\BOOKMARK [1][-]{section.28}{\376\377\000D\000i\000s\000t\000a\000n\000c\000e\000\040\000V\000e\000c\000t\000o\000r\000\040\000r\000o\000u\000t\000i\000n\000g\000\040\000\050\0002\0000\0001\0004\000,\000\040\0001\0009\000,\000\040\0002\0000\000,\000\040\0002\0004\000\051}{}% 146
\BOOKMARK [2][-]{subsection.28.1}{\376\377\000D\000e\000s\000c\000r\000i\000z\000i\000o\000n\000e}{section.28}% 147
\BOOKMARK [2][-]{subsection.28.2}{\376\377\000A\000m\000b\000i\000t\000i\000\040\000d\000'\000u\000s\000o}{section.28}% 148
\BOOKMARK [2][-]{subsection.28.3}{\376\377\000P\000r\000e\000g\000i}{section.28}% 149
\BOOKMARK [2][-]{subsection.28.4}{\376\377\000D\000i\000f\000e\000t\000t\000i}{section.28}% 150
\BOOKMARK [1][-]{section.29}{\376\377\000L\000i\000n\000k\000\040\000S\000t\000a\000t\000e\000\040\000R\000o\000u\000t\000i\000n\000g\000\040\000\050\0002\0000\0001\0008\000,\000\040\0002\0001\000,\000\040\0002\0002\000,\000\040\0002\0003\000\051}{}% 151
\BOOKMARK [2][-]{subsection.29.1}{\376\377\000D\000e\000s\000c\000r\000i\000z\000i\000o\000n\000e}{section.29}% 152
\BOOKMARK [2][-]{subsection.29.2}{\376\377\000A\000m\000b\000i\000t\000i\000\040\000d\040\031\000u\000s\000o}{section.29}% 153
\BOOKMARK [2][-]{subsection.29.3}{\376\377\000P\000r\000e\000g\000i}{section.29}% 154
\BOOKMARK [2][-]{subsection.29.4}{\376\377\000D\000i\000f\000e\000t\000t\000i}{section.29}% 155
\BOOKMARK [1][-]{section.30}{\376\377\000Q\000u\000a\000l\000i\000t\000y\000\040\000o\000f\000\040\000S\000e\000r\000v\000i\000c\000e\000\040\000\050\000Q\000O\000S\000\051\000\040\000\050\0002\0000\0001\0004\000,\000\040\0002\0000\000,\000\040\0002\0003\000\051}{}% 156
\BOOKMARK [2][-]{subsection.30.1}{\376\377\000D\000e\000s\000c\000r\000i\000z\000i\000o\000n\000e}{section.30}% 157
\BOOKMARK [2][-]{subsection.30.2}{\376\377\000A\000m\000b\000i\000t\000i\000\040\000d\000'\000u\000s\000o}{section.30}% 158
\BOOKMARK [2][-]{subsection.30.3}{\376\377\000P\000r\000e\000g\000i}{section.30}% 159
\BOOKMARK [2][-]{subsection.30.4}{\376\377\000D\000i\000f\000e\000t\000t\000i}{section.30}% 160
\BOOKMARK [1][-]{section.31}{\376\377\000C\000h\000o\000k\000e\000\040\000p\000a\000c\000k\000e\000t\000\040\000\050\0002\0000\0001\0006\000,\000\040\0001\0008\000,\000\040\0001\0009\000,\000\040\0002\0001\000,\000\040\0002\0002\000,\000\040\0002\0003\000,\000\040\0002\0004\000\051}{}% 161
\BOOKMARK [2][-]{subsection.31.1}{\376\377\000D\000e\000s\000c\000r\000i\000z\000i\000o\000n\000e}{section.31}% 162
\BOOKMARK [2][-]{subsection.31.2}{\376\377\000A\000m\000b\000i\000t\000i\000\040\000d\000'\000u\000s\000o}{section.31}% 163
\BOOKMARK [2][-]{subsection.31.3}{\376\377\000P\000r\000e\000g\000i}{section.31}% 164
\BOOKMARK [2][-]{subsection.31.4}{\376\377\000D\000i\000f\000e\000t\000t\000i}{section.31}% 165
\BOOKMARK [1][-]{section.32}{\376\377\000L\000e\000a\000k\000y\000\040\000b\000u\000c\000k\000e\000t\000\040\000\050\0002\0000\0001\0005\000,\000\040\0002\0005\000\051}{}% 166
\BOOKMARK [2][-]{subsection.32.1}{\376\377\000D\000e\000s\000c\000r\000i\000z\000i\000o\000n\000e}{section.32}% 167
\BOOKMARK [2][-]{subsection.32.2}{\376\377\000A\000m\000b\000i\000t\000i\000\040\000d\000'\000u\000s\000o}{section.32}% 168
\BOOKMARK [2][-]{subsection.32.3}{\376\377\000P\000r\000e\000g\000i}{section.32}% 169
\BOOKMARK [2][-]{subsection.32.4}{\376\377\000D\000i\000f\000e\000t\000t\000i}{section.32}% 170
\BOOKMARK [1][-]{section.33}{\376\377\000T\000o\000k\000e\000n\000\040\000b\000u\000c\000k\000e\000t\000\040\000\050\0002\0000\0001\0006\000,\000\040\0001\0008\000,\000\040\0001\0009\000,\000\040\0002\0000\000,\000\040\0002\0001\000,\000\040\0002\0004\000\051}{}% 171
\BOOKMARK [2][-]{subsection.33.1}{\376\377\000D\000e\000s\000c\000r\000i\000z\000i\000o\000n\000e}{section.33}% 172
\BOOKMARK [2][-]{subsection.33.2}{\376\377\000A\000m\000b\000i\000t\000i\000\040\000d\000'\000u\000s\000o}{section.33}% 173
\BOOKMARK [2][-]{subsection.33.3}{\376\377\000P\000r\000e\000g\000i}{section.33}% 174
\BOOKMARK [2][-]{subsection.33.4}{\376\377\000D\000i\000f\000e\000t\000t\000i}{section.33}% 175
\BOOKMARK [1][-]{section.34}{\376\377\000C\000I\000D\000R\000\040\000\050\0002\0000\0001\0004\000,\000\040\0001\0005\000,\000\040\0001\0006\000,\000\040\0001\0007\000,\000\040\0001\0008\000,\000\040\0001\0009\000,\000\040\0002\0002\000\051}{}% 176
\BOOKMARK [2][-]{subsection.34.1}{\376\377\000D\000e\000s\000c\000r\000i\000z\000i\000o\000n\000e}{section.34}% 177
\BOOKMARK [2][-]{subsection.34.2}{\376\377\000A\000m\000b\000i\000t\000i\000\040\000d\000'\000u\000s\000o}{section.34}% 178
\BOOKMARK [2][-]{subsection.34.3}{\376\377\000P\000r\000e\000g\000i}{section.34}% 179
\BOOKMARK [2][-]{subsection.34.4}{\376\377\000D\000i\000f\000e\000t\000t\000i}{section.34}% 180
\BOOKMARK [1][-]{section.35}{\376\377\000I\000P\000v\0004\000\040\000\050\0002\0000\0002\0004\000\051}{}% 181
\BOOKMARK [2][-]{subsection.35.1}{\376\377\000D\000e\000s\000c\000r\000i\000z\000i\000o\000n\000e}{section.35}% 182
\BOOKMARK [2][-]{subsection.35.2}{\376\377\000A\000m\000b\000i\000t\000i\000\040\000d\000'\000u\000s\000o}{section.35}% 183
\BOOKMARK [2][-]{subsection.35.3}{\376\377\000P\000r\000e\000g\000i}{section.35}% 184
\BOOKMARK [2][-]{subsection.35.4}{\376\377\000D\000i\000f\000e\000t\000t\000i}{section.35}% 185
\BOOKMARK [1][-]{section.36}{\376\377\000N\000A\000T\000\040\000\050\000N\000e\000t\000w\000o\000r\000k\000\040\000A\000d\000d\000r\000e\000s\000s\000\040\000T\000r\000a\000n\000s\000l\000a\000t\000i\000o\000n\000\051\000\040\000\050\0002\0000\0001\0005\000,\000\040\0001\0008\000,\000\040\0001\0009\000,\000\040\0002\0002\000,\000\040\0002\0003\000\051}{}% 186
\BOOKMARK [2][-]{subsection.36.1}{\376\377\000D\000e\000s\000c\000r\000i\000z\000i\000o\000n\000e}{section.36}% 187
\BOOKMARK [2][-]{subsection.36.2}{\376\377\000A\000m\000b\000i\000t\000i\000\040\000d\000'\000u\000s\000o}{section.36}% 188
\BOOKMARK [2][-]{subsection.36.3}{\376\377\000P\000r\000e\000g\000i}{section.36}% 189
\BOOKMARK [2][-]{subsection.36.4}{\376\377\000D\000i\000f\000e\000t\000t\000i}{section.36}% 190
\BOOKMARK [1][-]{section.37}{\376\377\000A\000R\000P\000\040\000\050\000A\000d\000d\000r\000e\000s\000s\000\040\000R\000e\000s\000o\000l\000u\000t\000i\000o\000n\000\040\000P\000r\000o\000t\000o\000c\000o\000l\000\051\000\040\000\050\0002\0000\0001\0004\000,\000\040\0001\0007\000,\000\040\0001\0008\000,\000\040\0001\0009\000,\000\040\0002\0000\000,\000\040\0002\0002\000,\000\040\0002\0003\000,\000\040\0002\0004\000\051}{}% 191
\BOOKMARK [2][-]{subsection.37.1}{\376\377\000D\000e\000s\000c\000r\000i\000z\000i\000o\000n\000e}{section.37}% 192
\BOOKMARK [2][-]{subsection.37.2}{\376\377\000A\000m\000b\000i\000t\000i\000\040\000d\000'\000u\000s\000o}{section.37}% 193
\BOOKMARK [2][-]{subsection.37.3}{\376\377\000P\000r\000e\000g\000i}{section.37}% 194
\BOOKMARK [2][-]{subsection.37.4}{\376\377\000D\000i\000f\000e\000t\000t\000i}{section.37}% 195
\BOOKMARK [1][-]{section.38}{\376\377\000I\000C\000M\000P\000\040\000\050\0002\0000\0001\0004\000,\000\040\0001\0005\000,\000\040\0002\0002\000\051}{}% 196
\BOOKMARK [2][-]{subsection.38.1}{\376\377\000D\000e\000s\000c\000r\000i\000z\000i\000o\000n\000e}{section.38}% 197
\BOOKMARK [2][-]{subsection.38.2}{\376\377\000A\000m\000b\000i\000t\000i\000\040\000d\000'\000u\000s\000o}{section.38}% 198
\BOOKMARK [2][-]{subsection.38.3}{\376\377\000P\000r\000e\000g\000i}{section.38}% 199
\BOOKMARK [2][-]{subsection.38.4}{\376\377\000D\000i\000f\000e\000t\000t\000i}{section.38}% 200
\BOOKMARK [1][-]{section.39}{\376\377\000I\000P\000v\0006\000\040\000\050\0002\0000\0001\0006\000,\000\040\0002\0000\000,\000\040\0002\0003\000\051}{}% 201
\BOOKMARK [2][-]{subsection.39.1}{\376\377\000D\000e\000s\000c\000r\000i\000z\000i\000o\000n\000e}{section.39}% 202
\BOOKMARK [2][-]{subsection.39.2}{\376\377\000A\000m\000b\000i\000t\000i\000\040\000d\000'\000u\000s\000o}{section.39}% 203
\BOOKMARK [2][-]{subsection.39.3}{\376\377\000P\000r\000e\000g\000i}{section.39}% 204
\BOOKMARK [2][-]{subsection.39.4}{\376\377\000D\000i\000f\000e\000t\000t\000i}{section.39}% 205
\BOOKMARK [1][-]{section.40}{\376\377\000U\000D\000P\000\040\000\050\0002\0000\0001\0004\000,\000\040\0001\0006\000,\000\040\0001\0007\000,\000\040\0001\0008\000,\000\040\0002\0000\000,\000\040\0002\0002\000,\000\040\0002\0003\000,\000\040\0002\0004\000,\000\040\0002\0005\000\051}{}% 206
\BOOKMARK [2][-]{subsection.40.1}{\376\377\000D\000e\000s\000c\000r\000i\000z\000i\000o\000n\000e}{section.40}% 207
\BOOKMARK [2][-]{subsection.40.2}{\376\377\000A\000m\000b\000i\000t\000i\000\040\000d\000'\000u\000s\000o}{section.40}% 208
\BOOKMARK [2][-]{subsection.40.3}{\376\377\000P\000r\000e\000g\000i}{section.40}% 209
\BOOKMARK [2][-]{subsection.40.4}{\376\377\000D\000i\000f\000e\000t\000t\000i}{section.40}% 210
\BOOKMARK [1][-]{section.41}{\376\377\000T\000C\000P\000,\000\040\000T\000r\000a\000s\000m\000i\000s\000s\000i\000o\000n\000\040\000C\000o\000n\000t\000r\000o\000l\000\040\000P\000r\000o\000t\000o\000c\000o\000l\000\040\000\050\0002\0000\0001\0006\000\051}{}% 211
\BOOKMARK [2][-]{subsection.41.1}{\376\377\000D\000e\000s\000c\000r\000i\000z\000i\000o\000n\000e}{section.41}% 212
\BOOKMARK [2][-]{subsection.41.2}{\376\377\000A\000m\000b\000i\000t\000i\000\040\000d\000'\000u\000s\000o}{section.41}% 213
\BOOKMARK [2][-]{subsection.41.3}{\376\377\000P\000r\000e\000g\000i}{section.41}% 214
\BOOKMARK [2][-]{subsection.41.4}{\376\377\000D\000i\000f\000e\000t\000t\000i}{section.41}% 215
\BOOKMARK [1][-]{section.42}{\376\377\000B\000G\000P\000:\000\040\000B\000o\000r\000d\000e\000r\000\040\000G\000a\000t\000e\000w\000a\000y\000\040\000P\000r\000o\000t\000o\000c\000o\000l}{}% 216
\BOOKMARK [2][-]{subsection.42.1}{\376\377\000D\000e\000s\000c\000r\000i\000z\000i\000o\000n\000e}{section.42}% 217
\BOOKMARK [2][-]{subsection.42.2}{\376\377\000A\000m\000b\000i\000t\000i\000\040\000d\000'\000u\000s\000o}{section.42}% 218
\BOOKMARK [2][-]{subsection.42.3}{\376\377\000P\000r\000e\000g\000i}{section.42}% 219
\BOOKMARK [2][-]{subsection.42.4}{\376\377\000D\000i\000f\000e\000t\000t\000i}{section.42}% 220
\BOOKMARK [1][-]{section.43}{\376\377\000A\000t\000t\000a\000c\000c\000h\000i\000\040\000c\000i\000p\000h\000e\000r\000t\000e\000x\000t\000\040\000o\000n\000l\000y\000\040\000\050\0002\0000\0001\0009\000,\000\040\0002\0000\000\051}{}% 221
\BOOKMARK [2][-]{subsection.43.1}{\376\377\000D\000e\000s\000c\000r\000i\000z\000i\000o\000n\000e}{section.43}% 222
\BOOKMARK [2][-]{subsection.43.2}{\376\377\000A\000m\000b\000i\000t\000i\000\040\000d\000'\000u\000s\000o}{section.43}% 223
\BOOKMARK [2][-]{subsection.43.3}{\376\377\000P\000r\000e\000g\000i}{section.43}% 224
\BOOKMARK [2][-]{subsection.43.4}{\376\377\000D\000i\000f\000e\000t\000t\000i}{section.43}% 225
\BOOKMARK [1][-]{section.44}{\376\377\000S\000o\000s\000t\000i\000t\000u\000z\000i\000o\000n\000e\000\040\000m\000o\000n\000o\000a\000l\000f\000a\000b\000e\000t\000i\000c\000a\000\040\000\050\0002\0000\0001\0009\000,\000\040\0002\0004\000\051}{}% 226
\BOOKMARK [2][-]{subsection.44.1}{\376\377\000D\000e\000s\000c\000r\000i\000z\000i\000o\000n\000e}{section.44}% 227
\BOOKMARK [2][-]{subsection.44.2}{\376\377\000A\000m\000b\000i\000t\000i\000\040\000d\000'\000u\000s\000o}{section.44}% 228
\BOOKMARK [2][-]{subsection.44.3}{\376\377\000P\000r\000e\000g\000i}{section.44}% 229
\BOOKMARK [2][-]{subsection.44.4}{\376\377\000D\000i\000f\000e\000t\000t\000i}{section.44}% 230
\BOOKMARK [1][-]{section.45}{\376\377\000C\000i\000f\000r\000a\000r\000i\000\040\000a\000\040\000t\000r\000a\000s\000p\000o\000s\000i\000z\000i\000o\000n\000e\000\040\000\050\0002\0000\0001\0004\000,\000\040\0001\0005\000,\000\040\0002\0000\000\051}{}% 231
\BOOKMARK [2][-]{subsection.45.1}{\376\377\000D\000e\000s\000c\000r\000i\000z\000i\000o\000n\000e}{section.45}% 232
\BOOKMARK [2][-]{subsection.45.2}{\376\377\000A\000m\000b\000i\000t\000i\000\040\000d\000'\000u\000s\000o}{section.45}% 233
\BOOKMARK [2][-]{subsection.45.3}{\376\377\000P\000r\000e\000g\000i}{section.45}% 234
\BOOKMARK [2][-]{subsection.45.4}{\376\377\000D\000i\000f\000e\000t\000t\000i}{section.45}% 235
\BOOKMARK [1][-]{section.46}{\376\377\000O\000n\000e\000\040\000t\000i\000m\000e\000\040\000p\000a\000d\000\040\000\050\000b\000l\000o\000c\000c\000o\000\040\000m\000o\000n\000o\000u\000s\000o\000\051\000\040\000\050\0002\0000\0001\0005\000,\000\040\0001\0006\000,\000\040\0001\0008\000,\000\040\0002\0000\000\051}{}% 236
\BOOKMARK [2][-]{subsection.46.1}{\376\377\000D\000e\000s\000c\000r\000i\000z\000i\000o\000n\000e}{section.46}% 237
\BOOKMARK [2][-]{subsection.46.2}{\376\377\000A\000m\000b\000i\000t\000i\000\040\000d\000'\000u\000s\000o}{section.46}% 238
\BOOKMARK [2][-]{subsection.46.3}{\376\377\000P\000r\000e\000g\000i}{section.46}% 239
\BOOKMARK [2][-]{subsection.46.4}{\376\377\000D\000i\000f\000e\000t\000t\000i}{section.46}% 240
\BOOKMARK [1][-]{section.47}{\376\377\000D\000E\000S\000\040\000e\000\040\000t\000r\000i\000p\000l\000o\000\040\000D\000E\000S\000\040\000\050\0002\0000\0001\0006\000,\000\040\0001\0008\000,\000\040\0002\0000\000,\000\040\0002\0001\000,\000\040\0002\0002\000,\000\040\0002\0003\000,\000\040\0002\0004\000,\000\040\0002\0005\000\051}{}% 241
\BOOKMARK [2][-]{subsection.47.1}{\376\377\000D\000e\000s\000c\000r\000i\000z\000i\000o\000n\000e}{section.47}% 242
\BOOKMARK [2][-]{subsection.47.2}{\376\377\000A\000m\000b\000i\000t\000i\000\040\000d\000'\000u\000s\000o}{section.47}% 243
\BOOKMARK [2][-]{subsection.47.3}{\376\377\000P\000r\000e\000g\000i}{section.47}% 244
\BOOKMARK [2][-]{subsection.47.4}{\376\377\000D\000i\000f\000e\000t\000t\000i}{section.47}% 245
\BOOKMARK [1][-]{section.48}{\376\377\000A\000E\000S}{}% 246
\BOOKMARK [2][-]{subsection.48.1}{\376\377\000D\000e\000s\000c\000r\000i\000z\000i\000o\000n\000e}{section.48}% 247
\BOOKMARK [2][-]{subsection.48.2}{\376\377\000A\000m\000b\000i\000t\000i\000\040\000d\000'\000u\000s\000o}{section.48}% 248
\BOOKMARK [2][-]{subsection.48.3}{\376\377\000P\000r\000e\000g\000i}{section.48}% 249
\BOOKMARK [2][-]{subsection.48.4}{\376\377\000D\000i\000f\000e\000t\000t\000i}{section.48}% 250
\BOOKMARK [1][-]{section.49}{\376\377\000R\000S\000A}{}% 251
\BOOKMARK [2][-]{subsection.49.1}{\376\377\000D\000e\000s\000c\000r\000i\000z\000i\000o\000n\000e}{section.49}% 252
\BOOKMARK [2][-]{subsection.49.2}{\376\377\000A\000m\000b\000i\000t\000i\000\040\000d\000'\000u\000s\000o}{section.49}% 253
\BOOKMARK [2][-]{subsection.49.3}{\376\377\000P\000r\000e\000g\000i}{section.49}% 254
\BOOKMARK [2][-]{subsection.49.4}{\376\377\000D\000i\000f\000e\000t\000t\000i}{section.49}% 255
\BOOKMARK [1][-]{section.50}{\376\377\000E\000C\000B\000\040\000\050\0002\0000\0001\0004\000\051}{}% 256
\BOOKMARK [2][-]{subsection.50.1}{\376\377\000D\000e\000s\000c\000r\000i\000z\000i\000o\000n\000e}{section.50}% 257
\BOOKMARK [2][-]{subsection.50.2}{\376\377\000A\000m\000b\000i\000t\000i\000\040\000d\000'\000u\000s\000o}{section.50}% 258
\BOOKMARK [2][-]{subsection.50.3}{\376\377\000P\000r\000e\000g\000i}{section.50}% 259
\BOOKMARK [2][-]{subsection.50.4}{\376\377\000D\000i\000f\000e\000t\000t\000i}{section.50}% 260
\BOOKMARK [1][-]{section.51}{\376\377\000S\000t\000r\000e\000a\000m\000\040\000c\000i\000p\000h\000e\000r\000\040\000\050\0002\0000\0001\0005\000,\000\040\0001\0006\000,\000\040\0001\0008\000,\000\040\0001\0009\000,\000\040\0002\0000\000,\000\040\0002\0003\000,\000\040\0002\0004\000\051}{}% 261
\BOOKMARK [2][-]{subsection.51.1}{\376\377\000D\000e\000s\000c\000r\000i\000z\000i\000o\000n\000e}{section.51}% 262
\BOOKMARK [2][-]{subsection.51.2}{\376\377\000A\000m\000b\000i\000t\000i\000\040\000d\000'\000u\000s\000o}{section.51}% 263
\BOOKMARK [2][-]{subsection.51.3}{\376\377\000P\000r\000e\000g\000i}{section.51}% 264
\BOOKMARK [2][-]{subsection.51.4}{\376\377\000D\000i\000f\000e\000t\000t\000i}{section.51}% 265
\BOOKMARK [1][-]{section.52}{\376\377\000M\000T\000M}{}% 266
\BOOKMARK [2][-]{subsection.52.1}{\376\377\000D\000e\000s\000c\000r\000i\000z\000i\000o\000n\000e}{section.52}% 267
\BOOKMARK [2][-]{subsection.52.2}{\376\377\000A\000m\000b\000i\000t\000i\000\040\000d\000'\000u\000s\000o}{section.52}% 268
\BOOKMARK [2][-]{subsection.52.3}{\376\377\000P\000r\000e\000g\000i}{section.52}% 269
\BOOKMARK [2][-]{subsection.52.4}{\376\377\000D\000i\000f\000e\000t\000t\000i}{section.52}% 270
\BOOKMARK [1][-]{section.53}{\376\377\000I\000P\000S\000e\000c\000\040\000\050\0002\0000\0001\0009\000,\000\040\0002\0000\000,\000\040\0002\0002\000\051}{}% 271
\BOOKMARK [2][-]{subsection.53.1}{\376\377\000D\000e\000s\000c\000r\000i\000z\000i\000o\000n\000e}{section.53}% 272
\BOOKMARK [2][-]{subsection.53.2}{\376\377\000A\000m\000b\000i\000t\000i\000\040\000d\000'\000u\000s\000o}{section.53}% 273
\BOOKMARK [2][-]{subsection.53.3}{\376\377\000P\000r\000e\000g\000i}{section.53}% 274
\BOOKMARK [2][-]{subsection.53.4}{\376\377\000D\000i\000f\000e\000t\000t\000i}{section.53}% 275
\BOOKMARK [1][-]{section.54}{\376\377\000M\000o\000d\000i\000\040\000d\000i\000\040\000a\000t\000t\000a\000c\000c\000a\000r\000e\000\040\000D\000N\000S\000\040\000\050\0002\0000\0001\0008\000\051}{}% 276
\BOOKMARK [2][-]{subsection.54.1}{\376\377\000D\000e\000s\000c\000r\000i\000z\000i\000o\000n\000e}{section.54}% 277
\BOOKMARK [2][-]{subsection.54.2}{\376\377\000A\000m\000b\000i\000t\000i\000\040\000d\000'\000u\000s\000o}{section.54}% 278
\BOOKMARK [2][-]{subsection.54.3}{\376\377\000P\000r\000e\000g\000i}{section.54}% 279
\BOOKMARK [2][-]{subsection.54.4}{\376\377\000D\000i\000f\000e\000t\000t\000i}{section.54}% 280
\BOOKMARK [1][-]{section.55}{\376\377\000H\000a\000s\000h\000\040\000c\000r\000i\000t\000t\000o\000g\000r\000a\000f\000i\000c\000i\000,\000\040\000H\000M\000A\000C\000\040\000\050\0002\0000\0001\0006\000,\000\040\0001\0008\000,\000\040\0001\0009\000\051}{}% 281
\BOOKMARK [2][-]{subsection.55.1}{\376\377\000D\000e\000s\000c\000r\000i\000z\000i\000o\000n\000e}{section.55}% 282
\BOOKMARK [2][-]{subsection.55.2}{\376\377\000A\000m\000b\000i\000t\000i\000\040\000d\000'\000u\000s\000o}{section.55}% 283
\BOOKMARK [2][-]{subsection.55.3}{\376\377\000P\000r\000e\000g\000i}{section.55}% 284
\BOOKMARK [2][-]{subsection.55.4}{\376\377\000D\000i\000f\000e\000t\000t\000i}{section.55}% 285
\BOOKMARK [1][-]{section.56}{\376\377\000W\000E\000P}{}% 286
\BOOKMARK [2][-]{subsection.56.1}{\376\377\000D\000e\000s\000c\000r\000i\000z\000i\000o\000n\000e}{section.56}% 287
\BOOKMARK [2][-]{subsection.56.2}{\376\377\000A\000m\000b\000i\000t\000i\000\040\000d\000'\000u\000s\000o}{section.56}% 288
\BOOKMARK [2][-]{subsection.56.3}{\376\377\000P\000r\000e\000g\000i}{section.56}% 289
\BOOKMARK [2][-]{subsection.56.4}{\376\377\000D\000i\000f\000e\000t\000t\000i}{section.56}% 290
